CRITICAL - 2025-07-15 19:36:13 --> ErrorException: Undefined variable $slug
[Method: GET, Route: news]
in APPPATH/Controllers/News.php on line 13.
 1 APPPATH/Controllers/News.php(13): CodeIgniter\Debug\Exceptions->errorHandler()
 2 SYSTEMPATH/CodeIgniter.php(933): App\Controllers\News->index()
 3 SYSTEMPATH/CodeIgniter.php(507): CodeIgniter\CodeIgniter->runController()
 4 SYSTEMPATH/CodeIgniter.php(354): CodeIgniter\CodeIgniter->handleRequest()
 5 SYSTEMPATH/Boot.php(334): CodeIgniter\CodeIgniter->run()
 6 SYSTEMPATH/Boot.php(67): CodeIgniter\Boot::runCodeIgniter()
 7 FCPATH/index.php(56): CodeIgniter\Boot::bootWeb()
CRITICAL - 2025-07-15 19:37:42 --> ErrorException: Undefined variable $slug
[Method: GET, Route: news]
in APPPATH/Controllers/News.php on line 13.
 1 APPPATH/Controllers/News.php(13): CodeIgniter\Debug\Exceptions->errorHandler()
 2 SYSTEMPATH/CodeIgniter.php(933): App\Controllers\News->index()
 3 SYSTEMPATH/CodeIgniter.php(507): CodeIgniter\CodeIgniter->runController()
 4 SYSTEMPATH/CodeIgniter.php(354): CodeIgniter\CodeIgniter->handleRequest()
 5 SYSTEMPATH/Boot.php(334): CodeIgniter\CodeIgniter->run()
 6 SYSTEMPATH/Boot.php(67): CodeIgniter\Boot::runCodeIgniter()
 7 FCPATH/index.php(56): CodeIgniter\Boot::bootWeb()
CRITICAL - 2025-07-15 19:42:46 --> ErrorException: Undefined variable $slug
[Method: GET, Route: news]
in APPPATH/Controllers/News.php on line 13.
 1 APPPATH/Controllers/News.php(13): CodeIgniter\Debug\Exceptions->errorHandler()
 2 SYSTEMPATH/CodeIgniter.php(933): App\Controllers\News->index()
 3 SYSTEMPATH/CodeIgniter.php(507): CodeIgniter\CodeIgniter->runController()
 4 SYSTEMPATH/CodeIgniter.php(354): CodeIgniter\CodeIgniter->handleRequest()
 5 SYSTEMPATH/Boot.php(334): CodeIgniter\CodeIgniter->run()
 6 SYSTEMPATH/Boot.php(67): CodeIgniter\Boot::runCodeIgniter()
 7 FCPATH/index.php(56): CodeIgniter\Boot::bootWeb()
CRITICAL - 2025-07-15 19:44:12 --> ErrorException: Undefined variable $slug
[Method: GET, Route: news]
in APPPATH/Controllers/News.php on line 13.
 1 APPPATH/Controllers/News.php(13): CodeIgniter\Debug\Exceptions->errorHandler()
 2 SYSTEMPATH/CodeIgniter.php(933): App\Controllers\News->index()
 3 SYSTEMPATH/CodeIgniter.php(507): CodeIgniter\CodeIgniter->runController()
 4 SYSTEMPATH/CodeIgniter.php(354): CodeIgniter\CodeIgniter->handleRequest()
 5 SYSTEMPATH/Boot.php(334): CodeIgniter\CodeIgniter->run()
 6 SYSTEMPATH/Boot.php(67): CodeIgniter\Boot::runCodeIgniter()
 7 FCPATH/index.php(56): CodeIgniter\Boot::bootWeb()
CRITICAL - 2025-07-15 19:44:15 --> ErrorException: Undefined variable $slug
[Method: GET, Route: news]
in APPPATH/Controllers/News.php on line 13.
 1 APPPATH/Controllers/News.php(13): CodeIgniter\Debug\Exceptions->errorHandler()
 2 SYSTEMPATH/CodeIgniter.php(933): App\Controllers\News->index()
 3 SYSTEMPATH/CodeIgniter.php(507): CodeIgniter\CodeIgniter->runController()
 4 SYSTEMPATH/CodeIgniter.php(354): CodeIgniter\CodeIgniter->handleRequest()
 5 SYSTEMPATH/Boot.php(334): CodeIgniter\CodeIgniter->run()
 6 SYSTEMPATH/Boot.php(67): CodeIgniter\Boot::runCodeIgniter()
 7 FCPATH/index.php(56): CodeIgniter\Boot::bootWeb()
ERROR - 2025-07-15 20:15:11 --> Error connecting to the database: mysqli_sql_exception: Access denied for user '2309550'@'csl-student.wlv.ac.uk' (using password: YES) in /home/stud/0/2309550/public_html/GameWorld/vendor/codeigniter4/framework/system/Database/MySQLi/Connection.php:202
Stack trace:
#0 /home/stud/0/2309550/public_html/GameWorld/vendor/codeigniter4/framework/system/Database/MySQLi/Connection.php(202): mysqli->real_connect()
#1 /home/stud/0/2309550/public_html/GameWorld/vendor/codeigniter4/framework/system/Database/BaseConnection.php(421): CodeIgniter\Database\MySQLi\Connection->connect()
#2 /home/stud/0/2309550/public_html/GameWorld/vendor/codeigniter4/framework/system/Database/BaseConnection.php(620): CodeIgniter\Database\BaseConnection->initialize()
#3 /home/stud/0/2309550/public_html/GameWorld/vendor/codeigniter4/framework/system/Database/BaseBuilder.php(1649): CodeIgniter\Database\BaseConnection->query()
#4 /home/stud/0/2309550/public_html/GameWorld/vendor/codeigniter4/framework/system/Model.php(286): CodeIgniter\Database\BaseBuilder->get()
#5 /home/stud/0/2309550/public_html/GameWorld/vendor/codeigniter4/framework/system/BaseModel.php(675): CodeIgniter\Model->doFindAll()
#6 /home/stud/0/2309550/public_html/GameWorld/app/Models/NewsModel.php(15): CodeIgniter\BaseModel->findAll()
#7 /home/stud/0/2309550/public_html/GameWorld/app/Controllers/News.php(15): App\Models\NewsModel->getNews()
#8 /home/stud/0/2309550/public_html/GameWorld/vendor/codeigniter4/framework/system/CodeIgniter.php(933): App\Controllers\News->index()
#9 /home/stud/0/2309550/public_html/GameWorld/vendor/codeigniter4/framework/system/CodeIgniter.php(507): CodeIgniter\CodeIgniter->runController()
#10 /home/stud/0/2309550/public_html/GameWorld/vendor/codeigniter4/framework/system/CodeIgniter.php(354): CodeIgniter\CodeIgniter->handleRequest()
#11 /home/stud/0/2309550/public_html/GameWorld/vendor/codeigniter4/framework/system/Boot.php(334): CodeIgniter\CodeIgniter->run()
#12 /home/stud/0/2309550/public_html/GameWorld/vendor/codeigniter4/framework/system/Boot.php(67): CodeIgniter\Boot::runCodeIgniter()
#13 /home/stud/0/2309550/public_html/GameWorld/public/index.php(56): CodeIgniter\Boot::bootWeb()
#14 {main}

Next CodeIgniter\Database\Exceptions\DatabaseException: Access denied for user '****'@'csl-student.wlv.ac.uk' (using password: YES) in /home/stud/0/2309550/public_html/GameWorld/vendor/codeigniter4/framework/system/Database/MySQLi/Connection.php:246
Stack trace:
#0 /home/stud/0/2309550/public_html/GameWorld/vendor/codeigniter4/framework/system/Database/BaseConnection.php(421): CodeIgniter\Database\MySQLi\Connection->connect()
#1 /home/stud/0/2309550/public_html/GameWorld/vendor/codeigniter4/framework/system/Database/BaseConnection.php(620): CodeIgniter\Database\BaseConnection->initialize()
#2 /home/stud/0/2309550/public_html/GameWorld/vendor/codeigniter4/framework/system/Database/BaseBuilder.php(1649): CodeIgniter\Database\BaseConnection->query()
#3 /home/stud/0/2309550/public_html/GameWorld/vendor/codeigniter4/framework/system/Model.php(286): CodeIgniter\Database\BaseBuilder->get()
#4 /home/stud/0/2309550/public_html/GameWorld/vendor/codeigniter4/framework/system/BaseModel.php(675): CodeIgniter\Model->doFindAll()
#5 /home/stud/0/2309550/public_html/GameWorld/app/Models/NewsModel.php(15): CodeIgniter\BaseModel->findAll()
#6 /home/stud/0/2309550/public_html/GameWorld/app/Controllers/News.php(15): App\Models\NewsModel->getNews()
#7 /home/stud/0/2309550/public_html/GameWorld/vendor/codeigniter4/framework/system/CodeIgniter.php(933): App\Controllers\News->index()
#8 /home/stud/0/2309550/public_html/GameWorld/vendor/codeigniter4/framework/system/CodeIgniter.php(507): CodeIgniter\CodeIgniter->runController()
#9 /home/stud/0/2309550/public_html/GameWorld/vendor/codeigniter4/framework/system/CodeIgniter.php(354): CodeIgniter\CodeIgniter->handleRequest()
#10 /home/stud/0/2309550/public_html/GameWorld/vendor/codeigniter4/framework/system/Boot.php(334): CodeIgniter\CodeIgniter->run()
#11 /home/stud/0/2309550/public_html/GameWorld/vendor/codeigniter4/framework/system/Boot.php(67): CodeIgniter\Boot::runCodeIgniter()
#12 /home/stud/0/2309550/public_html/GameWorld/public/index.php(56): CodeIgniter\Boot::bootWeb()
#13 {main}
CRITICAL - 2025-07-15 20:15:11 --> CodeIgniter\Database\Exceptions\DatabaseException: Unable to connect to the database.
Main connection [MySQLi]: Access denied for user '****'@'csl-student.wlv.ac.uk' (using password: YES)
[Method: GET, Route: news]
in SYSTEMPATH/Database/BaseConnection.php on line 467.
 1 SYSTEMPATH/Database/BaseConnection.php(620): CodeIgniter\Database\BaseConnection->initialize()
 2 SYSTEMPATH/Database/BaseBuilder.php(1649): CodeIgniter\Database\BaseConnection->query()
 3 SYSTEMPATH/Model.php(286): CodeIgniter\Database\BaseBuilder->get()
 4 SYSTEMPATH/BaseModel.php(675): CodeIgniter\Model->doFindAll()
 5 APPPATH/Models/NewsModel.php(15): CodeIgniter\BaseModel->findAll()
 6 APPPATH/Controllers/News.php(15): App\Models\NewsModel->getNews()
 7 SYSTEMPATH/CodeIgniter.php(933): App\Controllers\News->index()
 8 SYSTEMPATH/CodeIgniter.php(507): CodeIgniter\CodeIgniter->runController()
 9 SYSTEMPATH/CodeIgniter.php(354): CodeIgniter\CodeIgniter->handleRequest()
10 SYSTEMPATH/Boot.php(334): CodeIgniter\CodeIgniter->run()
11 SYSTEMPATH/Boot.php(67): CodeIgniter\Boot::runCodeIgniter()
12 FCPATH/index.php(56): CodeIgniter\Boot::bootWeb()
ERROR - 2025-07-15 20:52:27 --> Error connecting to the database: mysqli_sql_exception: Access denied for user '2309550'@'csl-student.wlv.ac.uk' (using password: YES) in /home/stud/0/2309550/public_html/GameWorld/vendor/codeigniter4/framework/system/Database/MySQLi/Connection.php:202
Stack trace:
#0 /home/stud/0/2309550/public_html/GameWorld/vendor/codeigniter4/framework/system/Database/MySQLi/Connection.php(202): mysqli->real_connect()
#1 /home/stud/0/2309550/public_html/GameWorld/vendor/codeigniter4/framework/system/Database/BaseConnection.php(421): CodeIgniter\Database\MySQLi\Connection->connect()
#2 /home/stud/0/2309550/public_html/GameWorld/vendor/codeigniter4/framework/system/Database/BaseConnection.php(620): CodeIgniter\Database\BaseConnection->initialize()
#3 /home/stud/0/2309550/public_html/GameWorld/vendor/codeigniter4/framework/system/Database/BaseBuilder.php(1649): CodeIgniter\Database\BaseConnection->query()
#4 /home/stud/0/2309550/public_html/GameWorld/vendor/codeigniter4/framework/system/Model.php(286): CodeIgniter\Database\BaseBuilder->get()
#5 /home/stud/0/2309550/public_html/GameWorld/vendor/codeigniter4/framework/system/BaseModel.php(675): CodeIgniter\Model->doFindAll()
#6 /home/stud/0/2309550/public_html/GameWorld/app/Models/NewsModel.php(15): CodeIgniter\BaseModel->findAll()
#7 /home/stud/0/2309550/public_html/GameWorld/app/Controllers/News.php(15): App\Models\NewsModel->getNews()
#8 /home/stud/0/2309550/public_html/GameWorld/vendor/codeigniter4/framework/system/CodeIgniter.php(933): App\Controllers\News->index()
#9 /home/stud/0/2309550/public_html/GameWorld/vendor/codeigniter4/framework/system/CodeIgniter.php(507): CodeIgniter\CodeIgniter->runController()
#10 /home/stud/0/2309550/public_html/GameWorld/vendor/codeigniter4/framework/system/CodeIgniter.php(354): CodeIgniter\CodeIgniter->handleRequest()
#11 /home/stud/0/2309550/public_html/GameWorld/vendor/codeigniter4/framework/system/Boot.php(334): CodeIgniter\CodeIgniter->run()
#12 /home/stud/0/2309550/public_html/GameWorld/vendor/codeigniter4/framework/system/Boot.php(67): CodeIgniter\Boot::runCodeIgniter()
#13 /home/stud/0/2309550/public_html/GameWorld/public/index.php(56): CodeIgniter\Boot::bootWeb()
#14 {main}

Next CodeIgniter\Database\Exceptions\DatabaseException: Access denied for user '****'@'csl-student.wlv.ac.uk' (using password: YES) in /home/stud/0/2309550/public_html/GameWorld/vendor/codeigniter4/framework/system/Database/MySQLi/Connection.php:246
Stack trace:
#0 /home/stud/0/2309550/public_html/GameWorld/vendor/codeigniter4/framework/system/Database/BaseConnection.php(421): CodeIgniter\Database\MySQLi\Connection->connect()
#1 /home/stud/0/2309550/public_html/GameWorld/vendor/codeigniter4/framework/system/Database/BaseConnection.php(620): CodeIgniter\Database\BaseConnection->initialize()
#2 /home/stud/0/2309550/public_html/GameWorld/vendor/codeigniter4/framework/system/Database/BaseBuilder.php(1649): CodeIgniter\Database\BaseConnection->query()
#3 /home/stud/0/2309550/public_html/GameWorld/vendor/codeigniter4/framework/system/Model.php(286): CodeIgniter\Database\BaseBuilder->get()
#4 /home/stud/0/2309550/public_html/GameWorld/vendor/codeigniter4/framework/system/BaseModel.php(675): CodeIgniter\Model->doFindAll()
#5 /home/stud/0/2309550/public_html/GameWorld/app/Models/NewsModel.php(15): CodeIgniter\BaseModel->findAll()
#6 /home/stud/0/2309550/public_html/GameWorld/app/Controllers/News.php(15): App\Models\NewsModel->getNews()
#7 /home/stud/0/2309550/public_html/GameWorld/vendor/codeigniter4/framework/system/CodeIgniter.php(933): App\Controllers\News->index()
#8 /home/stud/0/2309550/public_html/GameWorld/vendor/codeigniter4/framework/system/CodeIgniter.php(507): CodeIgniter\CodeIgniter->runController()
#9 /home/stud/0/2309550/public_html/GameWorld/vendor/codeigniter4/framework/system/CodeIgniter.php(354): CodeIgniter\CodeIgniter->handleRequest()
#10 /home/stud/0/2309550/public_html/GameWorld/vendor/codeigniter4/framework/system/Boot.php(334): CodeIgniter\CodeIgniter->run()
#11 /home/stud/0/2309550/public_html/GameWorld/vendor/codeigniter4/framework/system/Boot.php(67): CodeIgniter\Boot::runCodeIgniter()
#12 /home/stud/0/2309550/public_html/GameWorld/public/index.php(56): CodeIgniter\Boot::bootWeb()
#13 {main}
CRITICAL - 2025-07-15 20:52:27 --> CodeIgniter\Database\Exceptions\DatabaseException: Unable to connect to the database.
Main connection [MySQLi]: Access denied for user '****'@'csl-student.wlv.ac.uk' (using password: YES)
[Method: GET, Route: news]
in SYSTEMPATH/Database/BaseConnection.php on line 467.
 1 SYSTEMPATH/Database/BaseConnection.php(620): CodeIgniter\Database\BaseConnection->initialize()
 2 SYSTEMPATH/Database/BaseBuilder.php(1649): CodeIgniter\Database\BaseConnection->query()
 3 SYSTEMPATH/Model.php(286): CodeIgniter\Database\BaseBuilder->get()
 4 SYSTEMPATH/BaseModel.php(675): CodeIgniter\Model->doFindAll()
 5 APPPATH/Models/NewsModel.php(15): CodeIgniter\BaseModel->findAll()
 6 APPPATH/Controllers/News.php(15): App\Models\NewsModel->getNews()
 7 SYSTEMPATH/CodeIgniter.php(933): App\Controllers\News->index()
 8 SYSTEMPATH/CodeIgniter.php(507): CodeIgniter\CodeIgniter->runController()
 9 SYSTEMPATH/CodeIgniter.php(354): CodeIgniter\CodeIgniter->handleRequest()
10 SYSTEMPATH/Boot.php(334): CodeIgniter\CodeIgniter->run()
11 SYSTEMPATH/Boot.php(67): CodeIgniter\Boot::runCodeIgniter()
12 FCPATH/index.php(56): CodeIgniter\Boot::bootWeb()
