CRITICAL - 2025-07-09 17:11:39 --> Error: Class "App\Controllers\PageNotFoundException" not found
[Method: GET, Route: article/aboutus]
in APPPATH/Controllers/Pages.php on line 16.
 1 SYSTEMPATH/CodeIgniter.php(933): App\Controllers\Pages->view()
 2 SYSTEMPATH/CodeIgniter.php(507): CodeIgniter\CodeIgniter->runController()
 3 SYSTEMPATH/CodeIgniter.php(354): CodeIgniter\CodeIgniter->handleRequest()
 4 SYSTEMPATH/Boot.php(334): CodeIgniter\CodeIgniter->run()
 5 SYSTEMPATH/Boot.php(67): CodeIgniter\Boot::runCodeIgniter()
 6 FCPATH/index.php(56): CodeIgniter\Boot::bootWeb()
CRITICAL - 2025-07-09 17:11:43 --> Error: Class "App\Controllers\PageNotFoundException" not found
[Method: GET, Route: article/aboutus]
in APPPATH/Controllers/Pages.php on line 16.
 1 SYSTEMPATH/CodeIgniter.php(933): App\Controllers\Pages->view()
 2 SYSTEMPATH/CodeIgniter.php(507): CodeIgniter\CodeIgniter->runController()
 3 SYSTEMPATH/CodeIgniter.php(354): CodeIgniter\CodeIgniter->handleRequest()
 4 SYSTEMPATH/Boot.php(334): CodeIgniter\CodeIgniter->run()
 5 SYSTEMPATH/Boot.php(67): CodeIgniter\Boot::runCodeIgniter()
 6 FCPATH/index.php(56): CodeIgniter\Boot::bootWeb()
CRITICAL - 2025-07-09 17:12:00 --> ErrorException: include(/home/stud/0/2309550/public_html/GameWorld/app/Views/pages/about.php): Failed to open stream: Permission denied
[Method: GET, Route: article/about]
in SYSTEMPATH/View/View.php on line 224.
 1 SYSTEMPATH/View/View.php(224): CodeIgniter\Debug\Exceptions->errorHandler()
 2 SYSTEMPATH/View/View.php(224): include()
 3 SYSTEMPATH/View/View.php(227): CodeIgniter\View\View->CodeIgniter\View\{closure}()
 4 SYSTEMPATH/Common.php(1173): CodeIgniter\View\View->render()
 5 APPPATH/Controllers/Pages.php(22): view()
 6 SYSTEMPATH/CodeIgniter.php(933): App\Controllers\Pages->view()
 7 SYSTEMPATH/CodeIgniter.php(507): CodeIgniter\CodeIgniter->runController()
 8 SYSTEMPATH/CodeIgniter.php(354): CodeIgniter\CodeIgniter->handleRequest()
 9 SYSTEMPATH/Boot.php(334): CodeIgniter\CodeIgniter->run()
10 SYSTEMPATH/Boot.php(67): CodeIgniter\Boot::runCodeIgniter()
11 FCPATH/index.php(56): CodeIgniter\Boot::bootWeb()
